<?xml version="1.0" encoding="UTF-8"?>
<!-- Generated by org.testng.reporters.JUnitXMLReporter -->
<testsuite ignored="0" hostname="DESKTOP-MNLKTSQ" failures="1" tests="2" name="Error Validations Test " time="46.484" errors="0" timestamp="2025-03-30T10:35:16 IST">
  <testcase classname="AutoProject.Tests.ErrorValidationsTest" name="LoginErrorValidations" time="4.673">
    <failure type="java.lang.AssertionError" message="expected [Incorrect email or password.] but found [Incorrect email orr password.]">
      <![CDATA[java.lang.AssertionError: expected [Incorrect email or password.] but found [Incorrect email orr password.]
at AutoProject.Tests.ErrorValidationsTest.LoginErrorValidations(ErrorValidationsTest.java:21)
at java.base/java.util.ArrayList.forEach(ArrayList.java:1596)
at java.base/java.util.concurrent.FutureTask.run(FutureTask.java:317)
at java.base/java.util.concurrent.ThreadPoolExecutor.runWorker(ThreadPoolExecutor.java:1144)
at java.base/java.util.concurrent.ThreadPoolExecutor$Worker.run(ThreadPoolExecutor.java:642)
at java.base/java.lang.Thread.run(Thread.java:1583)
... Removed 21 stack frames]]>
    </failure>
  </testcase> <!-- LoginErrorValidations -->
  <testcase classname="AutoProject.Tests.ErrorValidationsTest" name="ProductErrorValidations" time="26.857"/>
</testsuite> <!-- Error Validations Test  -->
